0174:fixme:font:get_name_record_codepage encoding 20 not handled, platform 1.
0174:fixme:font:get_name_record_codepage encoding 20 not handled, platform 1.
0174:fixme:font:freetype_set_outline_text_metrics failed to read full_nameW for font L"Ani"!
0174:fixme:ole:CoInitializeSecurity 0000000000000000, -1, 0000000000000000, 0000000000000000, 0, 3, 0000000000000000, 0, 0000000000000000 stub
0174:fixme:wbemprox:client_security_SetBlanket 000000000206FD50, 00000000000E9450, 10, 0, (null), 3, 3, 0000000000000000, 0x00000000
0174:fixme:wbemprox:client_security_Release 000000000206FD50
0174:fixme:ntdll:NtQuerySystemInformation info_class SYSTEM_PERFORMANCE_INFORMATION
0174:fixme:nls:RtlGetThreadPreferredUILanguages 00000038, 0000000000214DF4, 0000000000214E10 0000000000214DF0
0174:fixme:nls:get_dummy_preferred_ui_language (0x38 0000000000214DF4 0000000000214E10 0000000000214DF0) returning a dummy value (current locale)
0174:fixme:kernelbase:AppPolicyGetProcessTerminationMethod FFFFFFFFFFFFFFFA, 000000000021FD40
0034:fixme:font:get_name_record_codepage encoding 20 not handled, platform 1.
0034:fixme:font:get_name_record_codepage encoding 20 not handled, platform 1.
0064:fixme:font:get_name_record_codepage encoding 20 not handled, platform 1.
0064:fixme:font:get_name_record_codepage encoding 20 not handled, platform 1.
006c:fixme:font:get_name_record_codepage encoding 20 not handled, platform 1.
006c:fixme:font:get_name_record_codepage encoding 20 not handled, platform 1.
002c:fixme:font:get_name_record_codepage encoding 20 not handled, platform 1.
002c:fixme:font:get_name_record_codepage encoding 20 not handled, platform 1.
00c0:fixme:font:get_name_record_codepage encoding 20 not handled, platform 1.
00c0:fixme:font:get_name_record_codepage encoding 20 not handled, platform 1.
00c0:fixme:font:freetype_set_outline_text_metrics failed to read full_nameW for font L"Ani"!
00c0:fixme:ole:CoInitializeSecurity 0000000000000000, -1, 0000000000000000, 0000000000000000, 0, 3, 0000000000000000, 0, 0000000000000000 stub
00c0:fixme:wbemprox:client_security_SetBlanket 000000000206FD50, 00000000000E9450, 10, 0, (null), 3, 3, 0000000000000000, 0x00000000
00c0:fixme:wbemprox:client_security_Release 000000000206FD50
00c0:fixme:ntdll:NtQuerySystemInformation info_class SYSTEM_PERFORMANCE_INFORMATION
0058:fixme:mountmgr:harddisk_ioctl returning zero-filled buffer for IOCTL_VOLUME_GET_VOLUME_DISK_EXTENTS
0058:fixme:mountmgr:query_property Faking StorageDeviceProperty data
0058:fixme:mountmgr:harddisk_ioctl Unsupported ioctl 74080 (device=7 access=1 func=20 method=0)
0058:fixme:mountmgr:harddisk_ioctl Unsupported ioctl 2d0c10 (device=2d access=0 func=304 method=0)
0058:fixme:mountmgr:harddisk_ioctl returning zero-filled buffer for IOCTL_VOLUME_GET_VOLUME_DISK_EXTENTS
0058:fixme:mountmgr:harddisk_ioctl Unsupported ioctl 74080 (device=7 access=1 func=20 method=0)
0058:fixme:mountmgr:query_property Faking StorageDeviceProperty data
0058:fixme:mountmgr:harddisk_ioctl Unsupported ioctl 2d0c10 (device=2d access=0 func=304 method=0)
0058:fixme:mountmgr:harddisk_ioctl returning zero-filled buffer for IOCTL_VOLUME_GET_VOLUME_DISK_EXTENTS
0058:fixme:mountmgr:query_property Faking StorageDeviceProperty data
0058:fixme:mountmgr:harddisk_ioctl Unsupported ioctl 74080 (device=7 access=1 func=20 method=0)
0058:fixme:mountmgr:harddisk_ioctl Unsupported ioctl 2d0c10 (device=2d access=0 func=304 method=0)
00c0:fixme:nls:RtlGetThreadPreferredUILanguages 00000038, 0000000000214DF4, 0000000000214E10 0000000000214DF0
00c0:fixme:nls:get_dummy_preferred_ui_language (0x38 0000000000214DF4 0000000000214E10 0000000000214DF0) returning a dummy value (current locale)
0058:fixme:mountmgr:harddisk_ioctl returning zero-filled buffer for IOCTL_VOLUME_GET_VOLUME_DISK_EXTENTS
0058:fixme:mountmgr:harddisk_ioctl Unsupported ioctl 74080 (device=7 access=1 func=20 method=0)
0058:fixme:mountmgr:query_property Faking StorageDeviceProperty data
0058:fixme:mountmgr:harddisk_ioctl Unsupported ioctl 2d0c10 (device=2d access=0 func=304 method=0)
0058:fixme:mountmgr:harddisk_ioctl returning zero-filled buffer for IOCTL_VOLUME_GET_VOLUME_DISK_EXTENTS
0058:fixme:mountmgr:query_property Faking StorageDeviceProperty data
0058:fixme:mountmgr:harddisk_ioctl Unsupported ioctl 74080 (device=7 access=1 func=20 method=0)
0058:fixme:mountmgr:harddisk_ioctl Unsupported ioctl 2d0c10 (device=2d access=0 func=304 method=0)
00c0:fixme:iphlpapi:GetTcpStatisticsEx unimplemented for IPv6
0058:fixme:mountmgr:harddisk_ioctl returning zero-filled buffer for IOCTL_VOLUME_GET_VOLUME_DISK_EXTENTS
0058:fixme:mountmgr:query_property Faking StorageDeviceProperty data
0058:fixme:mountmgr:harddisk_ioctl Unsupported ioctl 74080 (device=7 access=1 func=20 method=0)
0058:fixme:mountmgr:harddisk_ioctl Unsupported ioctl 2d0c10 (device=2d access=0 func=304 method=0)
00f8:fixme:kernelbase:AppPolicyGetThreadInitializationType FFFFFFFFFFFFFFFA, 000000000280FE10
0108:fixme:kernelbase:AppPolicyGetThreadInitializationType FFFFFFFFFFFFFFFA, 000000000304FE10
0104:fixme:kernelbase:AppPolicyGetThreadInitializationType FFFFFFFFFFFFFFFA, 0000000002E3FE10
00fc:fixme:kernelbase:AppPolicyGetThreadInitializationType FFFFFFFFFFFFFFFA, 0000000002A1FE10
0100:fixme:kernelbase:AppPolicyGetThreadInitializationType FFFFFFFFFFFFFFFA, 0000000002C2FE10
0058:fixme:mountmgr:harddisk_ioctl returning zero-filled buffer for IOCTL_VOLUME_GET_VOLUME_DISK_EXTENTS
0058:fixme:mountmgr:harddisk_ioctl Unsupported ioctl 74080 (device=7 access=1 func=20 method=0)
0058:fixme:mountmgr:query_property Faking StorageDeviceProperty data
0058:fixme:mountmgr:harddisk_ioctl Unsupported ioctl 2d0c10 (device=2d access=0 func=304 method=0)
0058:fixme:mountmgr:harddisk_ioctl returning zero-filled buffer for IOCTL_VOLUME_GET_VOLUME_DISK_EXTENTS
0058:fixme:mountmgr:harddisk_ioctl Unsupported ioctl 74080 (device=7 access=1 func=20 method=0)
0058:fixme:mountmgr:query_property Faking StorageDeviceProperty data
0058:fixme:mountmgr:harddisk_ioctl Unsupported ioctl 2d0c10 (device=2d access=0 func=304 method=0)
0058:fixme:mountmgr:harddisk_ioctl returning zero-filled buffer for IOCTL_VOLUME_GET_VOLUME_DISK_EXTENTS
0058:fixme:mountmgr:harddisk_ioctl Unsupported ioctl 74080 (device=7 access=1 func=20 method=0)
0058:fixme:mountmgr:query_property Faking StorageDeviceProperty data
0058:fixme:mountmgr:harddisk_ioctl Unsupported ioctl 2d0c10 (device=2d access=0 func=304 method=0)
00c0:fixme:ntdll:NtQueryInformationToken QueryInformationToken( ..., TokenElevation, ...) semi-stub
0058:fixme:mountmgr:harddisk_ioctl returning zero-filled buffer for IOCTL_VOLUME_GET_VOLUME_DISK_EXTENTS
0058:fixme:mountmgr:query_property Faking StorageDeviceProperty data
0058:fixme:mountmgr:harddisk_ioctl Unsupported ioctl 74080 (device=7 access=1 func=20 method=0)
0058:fixme:mountmgr:harddisk_ioctl Unsupported ioctl 2d0c10 (device=2d access=0 func=304 method=0)
0058:fixme:mountmgr:harddisk_ioctl returning zero-filled buffer for IOCTL_VOLUME_GET_VOLUME_DISK_EXTENTS
0058:fixme:mountmgr:harddisk_ioctl Unsupported ioctl 74080 (device=7 access=1 func=20 method=0)
0058:fixme:mountmgr:query_property Faking StorageDeviceProperty data
0058:fixme:mountmgr:harddisk_ioctl Unsupported ioctl 2d0c10 (device=2d access=0 func=304 method=0)
0058:fixme:mountmgr:harddisk_ioctl returning zero-filled buffer for IOCTL_VOLUME_GET_VOLUME_DISK_EXTENTS
0058:fixme:mountmgr:harddisk_ioctl Unsupported ioctl 74080 (device=7 access=1 func=20 method=0)
0058:fixme:mountmgr:query_property Faking StorageDeviceProperty data
0058:fixme:mountmgr:harddisk_ioctl Unsupported ioctl 2d0c10 (device=2d access=0 func=304 method=0)
0058:fixme:mountmgr:harddisk_ioctl returning zero-filled buffer for IOCTL_VOLUME_GET_VOLUME_DISK_EXTENTS
0058:fixme:mountmgr:harddisk_ioctl Unsupported ioctl 74080 (device=7 access=1 func=20 method=0)
0058:fixme:mountmgr:query_property Faking StorageDeviceProperty data
0058:fixme:mountmgr:harddisk_ioctl Unsupported ioctl 2d0c10 (device=2d access=0 func=304 method=0)
0118:fixme:font:get_name_record_codepage encoding 20 not handled, platform 1.
0118:fixme:font:get_name_record_codepage encoding 20 not handled, platform 1.
0118:fixme:font:freetype_set_outline_text_metrics failed to read full_nameW for font L"Ani"!
0118:fixme:ole:CoInitializeSecurity 0000000000000000, -1, 0000000000000000, 0000000000000000, 0, 3, 0000000000000000, 0, 0000000000000000 stub
0118:fixme:wbemprox:client_security_SetBlanket 0000000001C4FD50, 000000000011F9A0, 10, 0, (null), 3, 3, 0000000000000000, 0x00000000
0118:fixme:wbemprox:client_security_Release 0000000001C4FD50
0118:fixme:ntdll:NtQuerySystemInformation info_class SYSTEM_PERFORMANCE_INFORMATION
011c:fixme:kernelbase:AppPolicyGetThreadInitializationType FFFFFFFFFFFFFFFA, 00000000063FFE10
0118:fixme:kernelbase:AppPolicyGetProcessTerminationMethod FFFFFFFFFFFFFFFA, 000000000021FD40
0058:fixme:mountmgr:harddisk_ioctl returning zero-filled buffer for IOCTL_VOLUME_GET_VOLUME_DISK_EXTENTS
0058:fixme:mountmgr:harddisk_ioctl Unsupported ioctl 74080 (device=7 access=1 func=20 method=0)
0058:fixme:mountmgr:query_property Faking StorageDeviceProperty data
0058:fixme:mountmgr:harddisk_ioctl Unsupported ioctl 2d0c10 (device=2d access=0 func=304 method=0)
0058:fixme:mountmgr:harddisk_ioctl returning zero-filled buffer for IOCTL_VOLUME_GET_VOLUME_DISK_EXTENTS
0058:fixme:mountmgr:harddisk_ioctl Unsupported ioctl 74080 (device=7 access=1 func=20 method=0)
0058:fixme:mountmgr:query_property Faking StorageDeviceProperty data
0058:fixme:mountmgr:harddisk_ioctl Unsupported ioctl 2d0c10 (device=2d access=0 func=304 method=0)
0124:fixme:secur32:schan_QueryContextAttributesW Unhandled attribute 0x6e
00c0:err:toolbar:ToolbarWindowProc unknown msg 0465 wp=00000000 lp=00212520
00c0:err:toolbar:ToolbarWindowProc unknown msg 0466 wp=00000000 lp=00212520
00c0:err:toolbar:ToolbarWindowProc unknown msg 0465 wp=00000000 lp=00212520
00c0:err:toolbar:ToolbarWindowProc unknown msg 0466 wp=00000000 lp=00212520
00c0:err:toolbar:ToolbarWindowProc unknown msg 0465 wp=00000000 lp=00212520
00c0:err:toolbar:ToolbarWindowProc unknown msg 0466 wp=00000000 lp=00212520
00c0:err:toolbar:ToolbarWindowProc unknown msg 0465 wp=00000000 lp=002113b0
00c0:err:toolbar:ToolbarWindowProc unknown msg 0466 wp=00000000 lp=002113b0
00c0:fixme:shell:InitNetworkAddressControl stub
0058:fixme:mountmgr:harddisk_ioctl returning zero-filled buffer for IOCTL_VOLUME_GET_VOLUME_DISK_EXTENTS
0058:fixme:mountmgr:harddisk_ioctl Unsupported ioctl 74080 (device=7 access=1 func=20 method=0)
0058:fixme:mountmgr:query_property Faking StorageDeviceProperty data
0058:fixme:mountmgr:harddisk_ioctl Unsupported ioctl 2d0c10 (device=2d access=0 func=304 method=0)
0058:fixme:mountmgr:harddisk_ioctl returning zero-filled buffer for IOCTL_VOLUME_GET_VOLUME_DISK_EXTENTS
0058:fixme:mountmgr:harddisk_ioctl Unsupported ioctl 74080 (device=7 access=1 func=20 method=0)
0058:fixme:mountmgr:query_property Faking StorageDeviceProperty data
0058:fixme:mountmgr:harddisk_ioctl Unsupported ioctl 2d0c10 (device=2d access=0 func=304 method=0)
0058:fixme:mountmgr:harddisk_ioctl returning zero-filled buffer for IOCTL_VOLUME_GET_VOLUME_DISK_EXTENTS
0058:fixme:mountmgr:harddisk_ioctl Unsupported ioctl 74080 (device=7 access=1 func=20 method=0)
0058:fixme:mountmgr:query_property Faking StorageDeviceProperty data
0058:fixme:mountmgr:harddisk_ioctl Unsupported ioctl 2d0c10 (device=2d access=0 func=304 method=0)
0058:fixme:mountmgr:harddisk_ioctl returning zero-filled buffer for IOCTL_VOLUME_GET_VOLUME_DISK_EXTENTS
0058:fixme:mountmgr:harddisk_ioctl Unsupported ioctl 74080 (device=7 access=1 func=20 method=0)
0058:fixme:mountmgr:query_property Faking StorageDeviceProperty data
0058:fixme:mountmgr:harddisk_ioctl Unsupported ioctl 2d0c10 (device=2d access=0 func=304 method=0)
00c0:err:toolbar:ToolbarWindowProc unknown msg 0465 wp=00000000 lp=00210ec0
00c0:err:toolbar:ToolbarWindowProc unknown msg 0466 wp=00000000 lp=00210ec0
00c0:fixme:heap:RtlSetHeapInformation 0000000022C50000 0 00000000002106A0 4 stub
0108:fixme:server:invoke_system_apc syscall frame changed in APC function, frame (nil), saved_frame 0x304fbc8.
00c0:err:toolbar:ToolbarWindowProc unknown msg 0465 wp=00000000 lp=00213960
00c0:err:toolbar:ToolbarWindowProc unknown msg 0465 wp=00000000 lp=00213960
00c0:err:toolbar:ToolbarWindowProc unknown msg 0465 wp=00000000 lp=00213960
00c0:err:toolbar:ToolbarWindowProc unknown msg 0465 wp=00000000 lp=00213960
00c0:err:toolbar:ToolbarWindowProc unknown msg 0465 wp=00000000 lp=00213960
00c0:err:toolbar:ToolbarWindowProc unknown msg 0465 wp=00000000 lp=00213960
00c0:err:toolbar:ToolbarWindowProc unknown msg 0465 wp=00000000 lp=00213960
00c0:err:toolbar:ToolbarWindowProc unknown msg 0465 wp=00000000 lp=00213960
00c0:err:toolbar:ToolbarWindowProc unknown msg 0465 wp=00000000 lp=00213960
00c0:err:toolbar:ToolbarWindowProc unknown msg 0465 wp=00000000 lp=00213960
00c0:err:toolbar:ToolbarWindowProc unknown msg 0465 wp=00000000 lp=00213960
00c0:err:toolbar:ToolbarWindowProc unknown msg 0465 wp=00000000 lp=00213960
00c0:err:toolbar:ToolbarWindowProc unknown msg 0465 wp=00000000 lp=00213960
00c0:err:toolbar:ToolbarWindowProc unknown msg 0465 wp=00000000 lp=00213960
00c0:err:toolbar:ToolbarWindowProc unknown msg 0465 wp=00000000 lp=00213960
00c0:err:toolbar:ToolbarWindowProc unknown msg 0465 wp=00000000 lp=00213960
00c0:err:toolbar:ToolbarWindowProc unknown msg 0465 wp=00000000 lp=00213960
00c0:err:toolbar:ToolbarWindowProc unknown msg 0465 wp=00000000 lp=00213960
00c0:err:toolbar:ToolbarWindowProc unknown msg 0465 wp=00000000 lp=00213960
00c0:err:toolbar:ToolbarWindowProc unknown msg 0465 wp=00000000 lp=00213960
00c0:err:toolbar:ToolbarWindowProc unknown msg 0465 wp=00000000 lp=00213960
00c0:err:toolbar:ToolbarWindowProc unknown msg 0465 wp=00000000 lp=00213960
00c0:err:toolbar:ToolbarWindowProc unknown msg 0465 wp=00000000 lp=00213960
00c0:err:toolbar:ToolbarWindowProc unknown msg 0465 wp=00000000 lp=00213960
00c0:err:toolbar:ToolbarWindowProc unknown msg 0465 wp=00000000 lp=00213960
00c0:err:toolbar:ToolbarWindowProc unknown msg 0465 wp=00000000 lp=00213960
00c0:err:toolbar:ToolbarWindowProc unknown msg 0465 wp=00000000 lp=00213960
00c0:err:toolbar:ToolbarWindowProc unknown msg 0465 wp=00000000 lp=00213960
00c0:err:toolbar:ToolbarWindowProc unknown msg 0465 wp=00000000 lp=00213960
00c0:err:toolbar:ToolbarWindowProc unknown msg 0465 wp=00000000 lp=00213960
00c0:err:toolbar:ToolbarWindowProc unknown msg 0465 wp=00000000 lp=00213960
00c0:err:toolbar:ToolbarWindowProc unknown msg 0465 wp=00000000 lp=00213960
00c0:err:toolbar:ToolbarWindowProc unknown msg 0465 wp=00000000 lp=00213960
00c0:err:toolbar:ToolbarWindowProc unknown msg 0465 wp=00000000 lp=00213960
00c0:err:toolbar:ToolbarWindowProc unknown msg 0465 wp=00000000 lp=00213960
00c0:err:toolbar:ToolbarWindowProc unknown msg 0465 wp=00000000 lp=00213960
00c0:err:toolbar:ToolbarWindowProc unknown msg 0465 wp=00000000 lp=00213960
00c0:err:toolbar:ToolbarWindowProc unknown msg 0465 wp=00000000 lp=00213960
00c0:err:toolbar:ToolbarWindowProc unknown msg 0465 wp=00000000 lp=00213960
00c0:err:toolbar:ToolbarWindowProc unknown msg 0465 wp=00000000 lp=00213960
00c0:err:toolbar:ToolbarWindowProc unknown msg 0465 wp=00000000 lp=00213960
0058:fixme:mountmgr:harddisk_ioctl returning zero-filled buffer for IOCTL_VOLUME_GET_VOLUME_DISK_EXTENTS
0058:fixme:mountmgr:query_property Faking StorageDeviceProperty data
0058:fixme:mountmgr:harddisk_ioctl Unsupported ioctl 74080 (device=7 access=1 func=20 method=0)
0058:fixme:mountmgr:harddisk_ioctl Unsupported ioctl 2d0c10 (device=2d access=0 func=304 method=0)
0058:fixme:mountmgr:harddisk_ioctl returning zero-filled buffer for IOCTL_VOLUME_GET_VOLUME_DISK_EXTENTS
0058:fixme:mountmgr:harddisk_ioctl Unsupported ioctl 74080 (device=7 access=1 func=20 method=0)
0058:fixme:mountmgr:query_property Faking StorageDeviceProperty data
0058:fixme:mountmgr:harddisk_ioctl Unsupported ioctl 2d0c10 (device=2d access=0 func=304 method=0)
0058:fixme:mountmgr:harddisk_ioctl returning zero-filled buffer for IOCTL_VOLUME_GET_VOLUME_DISK_EXTENTS
0058:fixme:mountmgr:query_property Faking StorageDeviceProperty data
0058:fixme:mountmgr:harddisk_ioctl Unsupported ioctl 74080 (device=7 access=1 func=20 method=0)
0058:fixme:mountmgr:harddisk_ioctl Unsupported ioctl 2d0c10 (device=2d access=0 func=304 method=0)
013c:fixme:secur32:schan_QueryContextAttributesW Unhandled attribute 0x6e
0058:fixme:mountmgr:harddisk_ioctl returning zero-filled buffer for IOCTL_VOLUME_GET_VOLUME_DISK_EXTENTS
0058:fixme:mountmgr:query_property Faking StorageDeviceProperty data
0058:fixme:mountmgr:harddisk_ioctl Unsupported ioctl 74080 (device=7 access=1 func=20 method=0)
0058:fixme:mountmgr:harddisk_ioctl Unsupported ioctl 2d0c10 (device=2d access=0 func=304 method=0)
0160:fixme:secur32:schan_QueryContextAttributesW Unhandled attribute 0x6e
00c0:err:toolbar:ToolbarWindowProc unknown msg 0465 wp=00000000 lp=0021e620
00c0:err:toolbar:ToolbarWindowProc unknown msg 0465 wp=00000000 lp=0021e620
00c0:err:toolbar:ToolbarWindowProc unknown msg 0465 wp=00000000 lp=0021e620
00c0:err:toolbar:ToolbarWindowProc unknown msg 0465 wp=00000000 lp=0021e620
00c0:err:toolbar:ToolbarWindowProc unknown msg 0465 wp=00000000 lp=0021e620
00c0:err:toolbar:ToolbarWindowProc unknown msg 0465 wp=00000000 lp=0021e620
00c0:err:toolbar:ToolbarWindowProc unknown msg 0465 wp=00000000 lp=0021e620
00c0:err:toolbar:ToolbarWindowProc unknown msg 0465 wp=00000000 lp=0021e620
00c0:err:toolbar:ToolbarWindowProc unknown msg 0465 wp=00000000 lp=0021e620
00c0:err:toolbar:ToolbarWindowProc unknown msg 0465 wp=00000000 lp=0021e620
00c0:err:toolbar:ToolbarWindowProc unknown msg 0465 wp=00000000 lp=0021e620
00c0:err:toolbar:ToolbarWindowProc unknown msg 0465 wp=00000000 lp=0021e620
00c0:err:toolbar:ToolbarWindowProc unknown msg 0465 wp=00000000 lp=0021e620
00c0:err:toolbar:ToolbarWindowProc unknown msg 0465 wp=00000000 lp=0021e620
00c0:err:toolbar:ToolbarWindowProc unknown msg 0465 wp=00000000 lp=0021e620
00c0:err:toolbar:ToolbarWindowProc unknown msg 0465 wp=00000000 lp=0021e620
00c0:err:toolbar:ToolbarWindowProc unknown msg 0465 wp=00000000 lp=0021e620
00c0:err:toolbar:ToolbarWindowProc unknown msg 0465 wp=00000000 lp=0021e620
00c0:err:toolbar:ToolbarWindowProc unknown msg 0465 wp=00000000 lp=0021e620
00c0:err:toolbar:ToolbarWindowProc unknown msg 0465 wp=00000000 lp=0021e620
00c0:err:toolbar:ToolbarWindowProc unknown msg 0465 wp=00000000 lp=0021e620
00c0:err:toolbar:ToolbarWindowProc unknown msg 0465 wp=00000000 lp=0021e620
00c0:err:toolbar:ToolbarWindowProc unknown msg 0465 wp=00000000 lp=0021e620
00c0:err:toolbar:ToolbarWindowProc unknown msg 0465 wp=00000000 lp=0021e620
00c0:err:toolbar:ToolbarWindowProc unknown msg 0465 wp=00000000 lp=0021e620
00c0:err:toolbar:ToolbarWindowProc unknown msg 0465 wp=00000000 lp=0021e620
00c0:err:toolbar:ToolbarWindowProc unknown msg 0465 wp=00000000 lp=0021e620
00c0:err:toolbar:ToolbarWindowProc unknown msg 0465 wp=00000000 lp=0021e620
00c0:err:toolbar:ToolbarWindowProc unknown msg 0465 wp=00000000 lp=0021e620
00c0:err:toolbar:ToolbarWindowProc unknown msg 0465 wp=00000000 lp=0021e620
00c0:err:toolbar:ToolbarWindowProc unknown msg 0465 wp=00000000 lp=0021e620
00c0:err:toolbar:ToolbarWindowProc unknown msg 0465 wp=00000000 lp=0021e620
00c0:err:toolbar:ToolbarWindowProc unknown msg 0465 wp=00000000 lp=0021e620
00c0:err:toolbar:ToolbarWindowProc unknown msg 0465 wp=00000000 lp=0021e620
00c0:err:toolbar:ToolbarWindowProc unknown msg 0465 wp=00000000 lp=0021e620
00c0:err:toolbar:ToolbarWindowProc unknown msg 0465 wp=00000000 lp=0021e620
00c0:err:toolbar:ToolbarWindowProc unknown msg 0465 wp=00000000 lp=0021e620
00c0:err:toolbar:ToolbarWindowProc unknown msg 0465 wp=00000000 lp=0021e620
00c0:err:toolbar:ToolbarWindowProc unknown msg 0465 wp=00000000 lp=0021e620
00c0:err:toolbar:ToolbarWindowProc unknown msg 0465 wp=00000000 lp=0021e620
00c0:err:toolbar:ToolbarWindowProc unknown msg 0465 wp=00000000 lp=0021e620
00c0:err:toolbar:ToolbarWindowProc unknown msg 0465 wp=00000000 lp=0021e620
00c0:err:toolbar:ToolbarWindowProc unknown msg 0465 wp=00000000 lp=0021e620
00c0:err:toolbar:ToolbarWindowProc unknown msg 0465 wp=00000000 lp=0021e620
00c0:err:toolbar:ToolbarWindowProc unknown msg 0465 wp=00000000 lp=0021e620
00c0:err:toolbar:ToolbarWindowProc unknown msg 0465 wp=00000000 lp=0021e620
00c0:err:toolbar:ToolbarWindowProc unknown msg 0465 wp=00000000 lp=0021e620
00c0:err:toolbar:ToolbarWindowProc unknown msg 0465 wp=00000000 lp=0021e620
00c0:err:toolbar:ToolbarWindowProc unknown msg 0465 wp=00000000 lp=0021e620
00c0:err:toolbar:ToolbarWindowProc unknown msg 0465 wp=00000000 lp=0021e620
00c0:err:toolbar:ToolbarWindowProc unknown msg 0465 wp=00000000 lp=0021e620
00c0:err:toolbar:ToolbarWindowProc unknown msg 0465 wp=00000000 lp=0021e620
00c0:err:toolbar:ToolbarWindowProc unknown msg 0465 wp=00000000 lp=0021e620
00c0:err:toolbar:ToolbarWindowProc unknown msg 0465 wp=00000000 lp=0021e620
00c0:err:toolbar:ToolbarWindowProc unknown msg 0465 wp=00000000 lp=0021e620
00c0:err:toolbar:ToolbarWindowProc unknown msg 0465 wp=00000000 lp=0021e620
00c0:err:toolbar:ToolbarWindowProc unknown msg 0465 wp=00000000 lp=0021e620
00c0:err:toolbar:ToolbarWindowProc unknown msg 0465 wp=00000000 lp=0021e620
00c0:err:toolbar:ToolbarWindowProc unknown msg 0465 wp=00000000 lp=0021e620
00c0:err:toolbar:ToolbarWindowProc unknown msg 0465 wp=00000000 lp=0021e620
00c0:err:toolbar:ToolbarWindowProc unknown msg 0465 wp=00000000 lp=0021e620
00c0:err:toolbar:ToolbarWindowProc unknown msg 0465 wp=00000000 lp=0021e620
00c0:err:toolbar:ToolbarWindowProc unknown msg 0465 wp=00000000 lp=0021e620
00c0:err:toolbar:ToolbarWindowProc unknown msg 0465 wp=00000000 lp=0021e620
00c0:err:toolbar:ToolbarWindowProc unknown msg 0465 wp=00000000 lp=0021e620
00c0:err:toolbar:ToolbarWindowProc unknown msg 0465 wp=00000000 lp=0021e620
00c0:err:toolbar:ToolbarWindowProc unknown msg 0465 wp=00000000 lp=0021e620
00c0:err:toolbar:ToolbarWindowProc unknown msg 0465 wp=00000000 lp=0021e620
00c0:err:toolbar:ToolbarWindowProc unknown msg 0465 wp=00000000 lp=0021e620
00c0:err:toolbar:ToolbarWindowProc unknown msg 0465 wp=00000000 lp=0021e620
00c0:err:toolbar:ToolbarWindowProc unknown msg 0465 wp=00000000 lp=0021e620
00c0:err:toolbar:ToolbarWindowProc unknown msg 0465 wp=00000000 lp=0021e620
00c0:err:toolbar:ToolbarWindowProc unknown msg 0465 wp=00000000 lp=0021e620
00c0:err:toolbar:ToolbarWindowProc unknown msg 0465 wp=00000000 lp=0021e620
00c0:err:toolbar:ToolbarWindowProc unknown msg 0465 wp=00000000 lp=0021e620
00c0:err:toolbar:ToolbarWindowProc unknown msg 0465 wp=00000000 lp=0021e620
00c0:err:toolbar:ToolbarWindowProc unknown msg 0465 wp=00000000 lp=0021e620
00c0:err:toolbar:ToolbarWindowProc unknown msg 0465 wp=00000000 lp=0021e620
00c0:err:toolbar:ToolbarWindowProc unknown msg 0465 wp=00000000 lp=0021e620
00c0:err:toolbar:ToolbarWindowProc unknown msg 0465 wp=00000000 lp=0021e620
00c0:err:toolbar:ToolbarWindowProc unknown msg 0465 wp=00000000 lp=0021e620
00c0:err:toolbar:ToolbarWindowProc unknown msg 0465 wp=00000000 lp=0021e620
00c0:err:toolbar:ToolbarWindowProc unknown msg 0465 wp=00000000 lp=0021e620
00c0:err:toolbar:ToolbarWindowProc unknown msg 0465 wp=00000000 lp=0021e620
00c0:err:toolbar:ToolbarWindowProc unknown msg 0465 wp=00000000 lp=0021e620
00c0:err:toolbar:ToolbarWindowProc unknown msg 0465 wp=00000000 lp=0021e620
0058:fixme:mountmgr:harddisk_ioctl returning zero-filled buffer for IOCTL_VOLUME_GET_VOLUME_DISK_EXTENTS
0058:fixme:mountmgr:query_property Faking StorageDeviceProperty data
0058:fixme:mountmgr:harddisk_ioctl Unsupported ioctl 74080 (device=7 access=1 func=20 method=0)
0058:fixme:mountmgr:harddisk_ioctl Unsupported ioctl 2d0c10 (device=2d access=0 func=304 method=0)
00c0:err:toolbar:ToolbarWindowProc unknown msg 0465 wp=00000000 lp=0021e620
00c0:err:toolbar:ToolbarWindowProc unknown msg 0465 wp=00000000 lp=0021e620
00c0:err:toolbar:ToolbarWindowProc unknown msg 0465 wp=00000000 lp=0021e620
00c0:err:toolbar:ToolbarWindowProc unknown msg 0465 wp=00000000 lp=0021e620
00c0:err:toolbar:ToolbarWindowProc unknown msg 0465 wp=00000000 lp=0021e620
00c0:err:toolbar:ToolbarWindowProc unknown msg 0465 wp=00000000 lp=0021e620
00c0:err:toolbar:ToolbarWindowProc unknown msg 0465 wp=00000000 lp=0021e620
00c0:err:toolbar:ToolbarWindowProc unknown msg 0465 wp=00000000 lp=0021e620
00c0:err:toolbar:ToolbarWindowProc unknown msg 0465 wp=00000000 lp=0021e620
00c0:err:toolbar:ToolbarWindowProc unknown msg 0465 wp=00000000 lp=0021e620
00c0:err:toolbar:ToolbarWindowProc unknown msg 0465 wp=00000000 lp=0021e620
00c0:err:toolbar:ToolbarWindowProc unknown msg 0465 wp=00000000 lp=0021e620
00c0:err:toolbar:ToolbarWindowProc unknown msg 0465 wp=00000000 lp=0021e620
00c0:err:toolbar:ToolbarWindowProc unknown msg 0465 wp=00000000 lp=0021e620
00c0:err:toolbar:ToolbarWindowProc unknown msg 0465 wp=00000000 lp=0021e620
00c0:err:toolbar:ToolbarWindowProc unknown msg 0465 wp=00000000 lp=0021e620
00c0:err:toolbar:ToolbarWindowProc unknown msg 0465 wp=00000000 lp=0021e620
00c0:err:toolbar:ToolbarWindowProc unknown msg 0465 wp=00000000 lp=0021e620
00c0:err:toolbar:ToolbarWindowProc unknown msg 0465 wp=00000000 lp=0021e620
00c0:err:toolbar:ToolbarWindowProc unknown msg 0465 wp=00000000 lp=0021e620
00c0:err:toolbar:ToolbarWindowProc unknown msg 0465 wp=00000000 lp=0021e620
00c0:err:toolbar:ToolbarWindowProc unknown msg 0465 wp=00000000 lp=0021e620
00c0:err:toolbar:ToolbarWindowProc unknown msg 0465 wp=00000000 lp=0021e620
00c0:err:toolbar:ToolbarWindowProc unknown msg 0465 wp=00000000 lp=0021e620
00c0:err:toolbar:ToolbarWindowProc unknown msg 0465 wp=00000000 lp=0021e620
00c0:err:toolbar:ToolbarWindowProc unknown msg 0465 wp=00000000 lp=0021e620
00c0:err:toolbar:ToolbarWindowProc unknown msg 0465 wp=00000000 lp=0021e620
00c0:err:toolbar:ToolbarWindowProc unknown msg 0465 wp=00000000 lp=0021e620
00c0:err:toolbar:ToolbarWindowProc unknown msg 0465 wp=00000000 lp=0021e620
00c0:err:toolbar:ToolbarWindowProc unknown msg 0465 wp=00000000 lp=0021e620
00c0:err:toolbar:ToolbarWindowProc unknown msg 0465 wp=00000000 lp=0021e620
00c0:err:toolbar:ToolbarWindowProc unknown msg 0465 wp=00000000 lp=0021e620
00c0:err:toolbar:ToolbarWindowProc unknown msg 0465 wp=00000000 lp=0021e620
00c0:err:toolbar:ToolbarWindowProc unknown msg 0465 wp=00000000 lp=0021e620
00c0:err:toolbar:ToolbarWindowProc unknown msg 0465 wp=00000000 lp=0021e620
00c0:err:toolbar:ToolbarWindowProc unknown msg 0465 wp=00000000 lp=0021e620
00c0:err:toolbar:ToolbarWindowProc unknown msg 0465 wp=00000000 lp=0021e620
00c0:err:toolbar:ToolbarWindowProc unknown msg 0465 wp=00000000 lp=0021e620
00c0:err:toolbar:ToolbarWindowProc unknown msg 0465 wp=00000000 lp=0021e620
00c0:err:toolbar:ToolbarWindowProc unknown msg 0465 wp=00000000 lp=0021e620
00c0:err:toolbar:ToolbarWindowProc unknown msg 0465 wp=00000000 lp=0021e620
00c0:err:toolbar:ToolbarWindowProc unknown msg 0465 wp=00000000 lp=0021e620
00c0:err:toolbar:ToolbarWindowProc unknown msg 0465 wp=00000000 lp=0021e620
00c0:err:toolbar:ToolbarWindowProc unknown msg 0465 wp=00000000 lp=0021e620
00c0:err:toolbar:ToolbarWindowProc unknown msg 0465 wp=00000000 lp=0021e620
00c0:err:toolbar:ToolbarWindowProc unknown msg 0465 wp=00000000 lp=0021e620
00c0:err:toolbar:ToolbarWindowProc unknown msg 0465 wp=00000000 lp=0021e620
00c0:err:toolbar:ToolbarWindowProc unknown msg 0465 wp=00000000 lp=0021e620
00c0:err:toolbar:ToolbarWindowProc unknown msg 0465 wp=00000000 lp=0021e620
00c0:err:toolbar:ToolbarWindowProc unknown msg 0465 wp=00000000 lp=0021e620
00c0:err:toolbar:ToolbarWindowProc unknown msg 0465 wp=00000000 lp=0021e620
00c0:err:toolbar:ToolbarWindowProc unknown msg 0465 wp=00000000 lp=0021e620
00c0:err:toolbar:ToolbarWindowProc unknown msg 0465 wp=00000000 lp=0021e620
00c0:err:toolbar:ToolbarWindowProc unknown msg 0465 wp=00000000 lp=0021e620
00c0:err:toolbar:ToolbarWindowProc unknown msg 0465 wp=00000000 lp=0021e620
00c0:err:toolbar:ToolbarWindowProc unknown msg 0465 wp=00000000 lp=0021e620
00c0:err:toolbar:ToolbarWindowProc unknown msg 0465 wp=00000000 lp=0021e620
00c0:err:toolbar:ToolbarWindowProc unknown msg 0465 wp=00000000 lp=0021e620
00c0:err:toolbar:ToolbarWindowProc unknown msg 0465 wp=00000000 lp=0021e620
00c0:err:toolbar:ToolbarWindowProc unknown msg 0465 wp=00000000 lp=0021e620
00c0:err:toolbar:ToolbarWindowProc unknown msg 0465 wp=00000000 lp=0021e620
00c0:err:toolbar:ToolbarWindowProc unknown msg 0465 wp=00000000 lp=0021e620
00c0:err:toolbar:ToolbarWindowProc unknown msg 0465 wp=00000000 lp=0021e620
00c0:err:toolbar:ToolbarWindowProc unknown msg 0465 wp=00000000 lp=0021e620
00c0:err:toolbar:ToolbarWindowProc unknown msg 0465 wp=00000000 lp=0021e620
00c0:err:toolbar:ToolbarWindowProc unknown msg 0465 wp=00000000 lp=0021e620
00c0:err:toolbar:ToolbarWindowProc unknown msg 0465 wp=00000000 lp=0021e620
00c0:err:toolbar:ToolbarWindowProc unknown msg 0465 wp=00000000 lp=0021e620
00c0:err:toolbar:ToolbarWindowProc unknown msg 0465 wp=00000000 lp=0021e620
00c0:err:toolbar:ToolbarWindowProc unknown msg 0465 wp=00000000 lp=0021e620
00c0:err:toolbar:ToolbarWindowProc unknown msg 0465 wp=00000000 lp=0021e620
00c0:err:toolbar:ToolbarWindowProc unknown msg 0465 wp=00000000 lp=0021e620
00c0:err:toolbar:ToolbarWindowProc unknown msg 0465 wp=00000000 lp=0021e620
00c0:err:toolbar:ToolbarWindowProc unknown msg 0465 wp=00000000 lp=0021e620
00c0:err:toolbar:ToolbarWindowProc unknown msg 0465 wp=00000000 lp=0021e620
00c0:err:toolbar:ToolbarWindowProc unknown msg 0465 wp=00000000 lp=0021e620
00c0:err:toolbar:ToolbarWindowProc unknown msg 0465 wp=00000000 lp=0021e620
00c0:err:toolbar:ToolbarWindowProc unknown msg 0465 wp=00000000 lp=0021e620
00c0:err:toolbar:ToolbarWindowProc unknown msg 0465 wp=00000000 lp=0021e620
00c0:err:toolbar:ToolbarWindowProc unknown msg 0465 wp=00000000 lp=0021e620
00c0:err:toolbar:ToolbarWindowProc unknown msg 0465 wp=00000000 lp=0021e620
00c0:err:toolbar:ToolbarWindowProc unknown msg 0465 wp=00000000 lp=0021e620
00c0:err:toolbar:ToolbarWindowProc unknown msg 0465 wp=00000000 lp=0021e620
00c0:err:toolbar:ToolbarWindowProc unknown msg 0465 wp=00000000 lp=0021e620
00c0:err:toolbar:ToolbarWindowProc unknown msg 0465 wp=00000000 lp=0021e620
00c0:err:toolbar:ToolbarWindowProc unknown msg 0465 wp=00000000 lp=0021e620
00c0:err:toolbar:ToolbarWindowProc unknown msg 0465 wp=00000000 lp=0021e620
00c0:err:toolbar:ToolbarWindowProc unknown msg 0465 wp=00000000 lp=0021e620
00c0:err:toolbar:ToolbarWindowProc unknown msg 0465 wp=00000000 lp=0021e620
00c0:err:toolbar:ToolbarWindowProc unknown msg 0465 wp=00000000 lp=0021e620
00c0:err:toolbar:ToolbarWindowProc unknown msg 0465 wp=00000000 lp=0021e620
00c0:err:toolbar:ToolbarWindowProc unknown msg 0465 wp=00000000 lp=0021e620
00c0:err:toolbar:ToolbarWindowProc unknown msg 0465 wp=00000000 lp=0021e620
00c0:err:toolbar:ToolbarWindowProc unknown msg 0465 wp=00000000 lp=0021e620
00c0:err:toolbar:ToolbarWindowProc unknown msg 0465 wp=00000000 lp=0021e620
00c0:err:toolbar:ToolbarWindowProc unknown msg 0465 wp=00000000 lp=0021e620
00c0:err:toolbar:ToolbarWindowProc unknown msg 0465 wp=00000000 lp=0021e620
00c0:err:toolbar:ToolbarWindowProc unknown msg 0465 wp=00000000 lp=0021e620
00c0:err:toolbar:ToolbarWindowProc unknown msg 0465 wp=00000000 lp=0021e620
00c0:err:toolbar:ToolbarWindowProc unknown msg 0465 wp=00000000 lp=0021e620
00c0:err:toolbar:ToolbarWindowProc unknown msg 0465 wp=00000000 lp=0021e620
00c0:err:toolbar:ToolbarWindowProc unknown msg 0465 wp=00000000 lp=0021e620
00c0:err:toolbar:ToolbarWindowProc unknown msg 0465 wp=00000000 lp=0021e620
00c0:err:toolbar:ToolbarWindowProc unknown msg 0465 wp=00000000 lp=0021e620
00c0:err:toolbar:ToolbarWindowProc unknown msg 0465 wp=00000000 lp=0021e620
00c0:err:toolbar:ToolbarWindowProc unknown msg 0465 wp=00000000 lp=0021e620
00c0:err:toolbar:ToolbarWindowProc unknown msg 0465 wp=00000000 lp=0021e620
00c0:err:toolbar:ToolbarWindowProc unknown msg 0465 wp=00000000 lp=0021e620
00c0:err:toolbar:ToolbarWindowProc unknown msg 0465 wp=00000000 lp=0021e620
00c0:err:toolbar:ToolbarWindowProc unknown msg 0465 wp=00000000 lp=0021e620
00c0:err:toolbar:ToolbarWindowProc unknown msg 0465 wp=00000000 lp=0021e620
00c0:err:toolbar:ToolbarWindowProc unknown msg 0465 wp=00000000 lp=0021e620
00c0:err:toolbar:ToolbarWindowProc unknown msg 0465 wp=00000000 lp=0021e620
00c0:err:toolbar:ToolbarWindowProc unknown msg 0465 wp=00000000 lp=0021e620
00c0:err:toolbar:ToolbarWindowProc unknown msg 0465 wp=00000000 lp=0021e620
00c0:err:toolbar:ToolbarWindowProc unknown msg 0465 wp=00000000 lp=0021e620
00c0:err:toolbar:ToolbarWindowProc unknown msg 0465 wp=00000000 lp=0021e620
00c0:err:toolbar:ToolbarWindowProc unknown msg 0465 wp=00000000 lp=0021e620
00c0:err:toolbar:ToolbarWindowProc unknown msg 0465 wp=00000000 lp=0021e620
00c0:err:toolbar:ToolbarWindowProc unknown msg 0465 wp=00000000 lp=0021e620
00c0:err:toolbar:ToolbarWindowProc unknown msg 0465 wp=00000000 lp=0021e620
00c0:err:toolbar:ToolbarWindowProc unknown msg 0465 wp=00000000 lp=0021e620
00c0:err:toolbar:ToolbarWindowProc unknown msg 0465 wp=00000000 lp=0021e620
00c0:err:toolbar:ToolbarWindowProc unknown msg 0465 wp=00000000 lp=0021e620
00c0:err:toolbar:ToolbarWindowProc unknown msg 0465 wp=00000000 lp=0021e620
00c0:err:toolbar:ToolbarWindowProc unknown msg 0465 wp=00000000 lp=0021e620
00c0:err:toolbar:ToolbarWindowProc unknown msg 0465 wp=00000000 lp=0021e620
00c0:err:toolbar:ToolbarWindowProc unknown msg 0465 wp=00000000 lp=0021e620
00c0:err:toolbar:ToolbarWindowProc unknown msg 0465 wp=00000000 lp=0021e620
00c0:err:toolbar:ToolbarWindowProc unknown msg 0465 wp=00000000 lp=0021e620
00c0:err:toolbar:ToolbarWindowProc unknown msg 0465 wp=00000000 lp=0021e620
00c0:err:toolbar:ToolbarWindowProc unknown msg 0465 wp=00000000 lp=0021e620
00c0:err:toolbar:ToolbarWindowProc unknown msg 0465 wp=00000000 lp=0021e620
00c0:err:toolbar:ToolbarWindowProc unknown msg 0465 wp=00000000 lp=0021e620
00c0:err:toolbar:ToolbarWindowProc unknown msg 0465 wp=00000000 lp=0021e620
00c0:err:toolbar:ToolbarWindowProc unknown msg 0465 wp=00000000 lp=0021e620
00c0:err:toolbar:ToolbarWindowProc unknown msg 0465 wp=00000000 lp=0021e620
00c0:err:toolbar:ToolbarWindowProc unknown msg 0465 wp=00000000 lp=0021e620
00c0:err:toolbar:ToolbarWindowProc unknown msg 0465 wp=00000000 lp=0021e620
00c0:err:toolbar:ToolbarWindowProc unknown msg 0465 wp=00000000 lp=0021e620
00c0:err:toolbar:ToolbarWindowProc unknown msg 0465 wp=00000000 lp=0021e620
00c0:err:toolbar:ToolbarWindowProc unknown msg 0465 wp=00000000 lp=0021e620
00c0:err:toolbar:ToolbarWindowProc unknown msg 0465 wp=00000000 lp=0021e620
00c0:err:toolbar:ToolbarWindowProc unknown msg 0465 wp=00000000 lp=0021e620
00c0:err:toolbar:ToolbarWindowProc unknown msg 0465 wp=00000000 lp=0021e620
00c0:err:toolbar:ToolbarWindowProc unknown msg 0465 wp=00000000 lp=0021e620
00c0:err:toolbar:ToolbarWindowProc unknown msg 0465 wp=00000000 lp=0021e620
00c0:err:toolbar:ToolbarWindowProc unknown msg 0465 wp=00000000 lp=0021e620
00c0:err:toolbar:ToolbarWindowProc unknown msg 0465 wp=00000000 lp=0021e620
00c0:err:toolbar:ToolbarWindowProc unknown msg 0465 wp=00000000 lp=0021e620
00c0:err:toolbar:ToolbarWindowProc unknown msg 0465 wp=00000000 lp=0021e620
00c0:err:toolbar:ToolbarWindowProc unknown msg 0465 wp=00000000 lp=0021e620
00c0:err:toolbar:ToolbarWindowProc unknown msg 0465 wp=00000000 lp=0021e620
00c0:err:toolbar:ToolbarWindowProc unknown msg 0465 wp=00000000 lp=0021e620
00c0:err:toolbar:ToolbarWindowProc unknown msg 0465 wp=00000000 lp=0021e620
00c0:err:toolbar:ToolbarWindowProc unknown msg 0465 wp=00000000 lp=0021e620
00c0:err:toolbar:ToolbarWindowProc unknown msg 0465 wp=00000000 lp=0021e620
00c0:err:toolbar:ToolbarWindowProc unknown msg 0465 wp=00000000 lp=0021e620
00c0:err:toolbar:ToolbarWindowProc unknown msg 0465 wp=00000000 lp=0021e620
00c0:err:toolbar:ToolbarWindowProc unknown msg 0465 wp=00000000 lp=0021e620
00c0:err:toolbar:ToolbarWindowProc unknown msg 0465 wp=00000000 lp=0021e620
00c0:err:toolbar:ToolbarWindowProc unknown msg 0465 wp=00000000 lp=0021e620
00c0:err:toolbar:ToolbarWindowProc unknown msg 0465 wp=00000000 lp=0021e620
00c0:err:toolbar:ToolbarWindowProc unknown msg 0465 wp=00000000 lp=0021e620
00c0:err:toolbar:ToolbarWindowProc unknown msg 0465 wp=00000000 lp=0021e620
00c0:err:toolbar:ToolbarWindowProc unknown msg 0465 wp=00000000 lp=0021e620
00c0:err:toolbar:ToolbarWindowProc unknown msg 0465 wp=00000000 lp=0021e620
00c0:err:toolbar:ToolbarWindowProc unknown msg 0465 wp=00000000 lp=0021e620
00c0:err:toolbar:ToolbarWindowProc unknown msg 0465 wp=00000000 lp=0021e620
00c0:err:toolbar:ToolbarWindowProc unknown msg 0465 wp=00000000 lp=0021e620
00c0:err:toolbar:ToolbarWindowProc unknown msg 0465 wp=00000000 lp=0021e620
00c0:err:toolbar:ToolbarWindowProc unknown msg 0465 wp=00000000 lp=0021e620
00c0:err:toolbar:ToolbarWindowProc unknown msg 0465 wp=00000000 lp=0021e620
00c0:err:toolbar:ToolbarWindowProc unknown msg 0465 wp=00000000 lp=0021e620
00c0:err:toolbar:ToolbarWindowProc unknown msg 0465 wp=00000000 lp=0021e620
00c0:err:toolbar:ToolbarWindowProc unknown msg 0465 wp=00000000 lp=0021e620
00c0:err:toolbar:ToolbarWindowProc unknown msg 0465 wp=00000000 lp=0021e620
00c0:err:toolbar:ToolbarWindowProc unknown msg 0465 wp=00000000 lp=0021e620
00c0:err:toolbar:ToolbarWindowProc unknown msg 0465 wp=00000000 lp=0021e620
00c0:err:toolbar:ToolbarWindowProc unknown msg 0465 wp=00000000 lp=0021e620
00c0:err:toolbar:ToolbarWindowProc unknown msg 0465 wp=00000000 lp=0021e620
00c0:err:toolbar:ToolbarWindowProc unknown msg 0465 wp=00000000 lp=0021e620
00c0:err:toolbar:ToolbarWindowProc unknown msg 0465 wp=00000000 lp=0021e620
00c0:err:toolbar:ToolbarWindowProc unknown msg 0465 wp=00000000 lp=0021e620
00c0:err:toolbar:ToolbarWindowProc unknown msg 0465 wp=00000000 lp=0021e620
00c0:err:toolbar:ToolbarWindowProc unknown msg 0465 wp=00000000 lp=0021e620
00c0:err:toolbar:ToolbarWindowProc unknown msg 0465 wp=00000000 lp=0021e620
00c0:err:toolbar:ToolbarWindowProc unknown msg 0465 wp=00000000 lp=0021e620
00c0:err:toolbar:ToolbarWindowProc unknown msg 0465 wp=00000000 lp=0021e620
00c0:err:toolbar:ToolbarWindowProc unknown msg 0465 wp=00000000 lp=0021e620
00c0:err:toolbar:ToolbarWindowProc unknown msg 0465 wp=00000000 lp=0021e620
00c0:err:toolbar:ToolbarWindowProc unknown msg 0465 wp=00000000 lp=0021e620
00c0:err:toolbar:ToolbarWindowProc unknown msg 0465 wp=00000000 lp=0021e620
00c0:err:toolbar:ToolbarWindowProc unknown msg 0465 wp=00000000 lp=0021e620
00c0:err:toolbar:ToolbarWindowProc unknown msg 0465 wp=00000000 lp=0021e620
00c0:err:toolbar:ToolbarWindowProc unknown msg 0465 wp=00000000 lp=0021e620
00c0:err:toolbar:ToolbarWindowProc unknown msg 0465 wp=00000000 lp=0021e620
00c0:err:toolbar:ToolbarWindowProc unknown msg 0465 wp=00000000 lp=0021e620
00c0:err:toolbar:ToolbarWindowProc unknown msg 0465 wp=00000000 lp=0021e620
00c0:err:toolbar:ToolbarWindowProc unknown msg 0465 wp=00000000 lp=0021e620
00c0:err:toolbar:ToolbarWindowProc unknown msg 0465 wp=00000000 lp=0021e620
00c0:err:toolbar:ToolbarWindowProc unknown msg 0465 wp=00000000 lp=0021e620
00c0:err:toolbar:ToolbarWindowProc unknown msg 0465 wp=00000000 lp=0021e620
00c0:err:toolbar:ToolbarWindowProc unknown msg 0465 wp=00000000 lp=0021e620
00c0:err:toolbar:ToolbarWindowProc unknown msg 0465 wp=00000000 lp=0021e620
00c0:err:toolbar:ToolbarWindowProc unknown msg 0465 wp=00000000 lp=0021e620
00c0:err:toolbar:ToolbarWindowProc unknown msg 0465 wp=00000000 lp=0021e620
00c0:err:toolbar:ToolbarWindowProc unknown msg 0465 wp=00000000 lp=0021e620
00c0:err:toolbar:ToolbarWindowProc unknown msg 0465 wp=00000000 lp=0021e620
00c0:err:toolbar:ToolbarWindowProc unknown msg 0465 wp=00000000 lp=0021e620
00c0:err:toolbar:ToolbarWindowProc unknown msg 0465 wp=00000000 lp=0021e620
00c0:err:toolbar:ToolbarWindowProc unknown msg 0465 wp=00000000 lp=0021e620
00c0:err:toolbar:ToolbarWindowProc unknown msg 0465 wp=00000000 lp=0021e620
00c0:err:toolbar:ToolbarWindowProc unknown msg 0465 wp=00000000 lp=0021e620
00c0:err:toolbar:ToolbarWindowProc unknown msg 0465 wp=00000000 lp=0021e620
00c0:err:toolbar:ToolbarWindowProc unknown msg 0465 wp=00000000 lp=0021e620
00c0:err:toolbar:ToolbarWindowProc unknown msg 0465 wp=00000000 lp=0021e620
00c0:err:toolbar:ToolbarWindowProc unknown msg 0465 wp=00000000 lp=0021e620
00c0:err:toolbar:ToolbarWindowProc unknown msg 0465 wp=00000000 lp=0021e620
00c0:err:toolbar:ToolbarWindowProc unknown msg 0465 wp=00000000 lp=0021e620
00c0:err:toolbar:ToolbarWindowProc unknown msg 0465 wp=00000000 lp=0021e620
00c0:err:toolbar:ToolbarWindowProc unknown msg 0465 wp=00000000 lp=0021e620
00c0:err:toolbar:ToolbarWindowProc unknown msg 0465 wp=00000000 lp=0021e620
00c0:err:toolbar:ToolbarWindowProc unknown msg 0465 wp=00000000 lp=0021e620
00c0:err:toolbar:ToolbarWindowProc unknown msg 0465 wp=00000000 lp=0021e620
00c0:err:toolbar:ToolbarWindowProc unknown msg 0465 wp=00000000 lp=0021e620
00c0:err:toolbar:ToolbarWindowProc unknown msg 0465 wp=00000000 lp=0021d7c0
00c0:err:toolbar:ToolbarWindowProc unknown msg 0465 wp=00000000 lp=0021e620
00c0:err:toolbar:ToolbarWindowProc unknown msg 0465 wp=00000000 lp=0021e620
00c0:err:toolbar:ToolbarWindowProc unknown msg 0465 wp=00000000 lp=0021e620
00c0:err:toolbar:ToolbarWindowProc unknown msg 0465 wp=00000000 lp=0021e620
00c0:err:toolbar:ToolbarWindowProc unknown msg 0465 wp=00000000 lp=0021e620
00c0:err:toolbar:ToolbarWindowProc unknown msg 0465 wp=00000000 lp=0021e620
00c0:err:toolbar:ToolbarWindowProc unknown msg 0465 wp=00000000 lp=0021e620
00c0:err:toolbar:ToolbarWindowProc unknown msg 0465 wp=00000000 lp=0021e620
00c0:err:toolbar:ToolbarWindowProc unknown msg 0465 wp=00000000 lp=0021e620
00c0:err:toolbar:ToolbarWindowProc unknown msg 0465 wp=00000000 lp=0021e620
00c0:err:toolbar:ToolbarWindowProc unknown msg 0465 wp=00000000 lp=0021e620
00c0:err:toolbar:ToolbarWindowProc unknown msg 0465 wp=00000000 lp=0021e620
00c0:err:toolbar:ToolbarWindowProc unknown msg 0465 wp=00000000 lp=0021e620
00c0:err:toolbar:ToolbarWindowProc unknown msg 0465 wp=00000000 lp=0021e620
00c0:err:toolbar:ToolbarWindowProc unknown msg 0465 wp=00000000 lp=0021e620
00c0:err:toolbar:ToolbarWindowProc unknown msg 0465 wp=00000000 lp=0021e620
00c0:err:toolbar:ToolbarWindowProc unknown msg 0465 wp=00000000 lp=0021e620
00c0:err:toolbar:ToolbarWindowProc unknown msg 0465 wp=00000000 lp=0021e620
00c0:err:toolbar:ToolbarWindowProc unknown msg 0465 wp=00000000 lp=0021e620
00c0:err:toolbar:ToolbarWindowProc unknown msg 0465 wp=00000000 lp=0021e620
00c0:err:toolbar:ToolbarWindowProc unknown msg 0465 wp=00000000 lp=0021e620
00c0:err:toolbar:ToolbarWindowProc unknown msg 0465 wp=00000000 lp=0021e620
00c0:err:toolbar:ToolbarWindowProc unknown msg 0465 wp=00000000 lp=0021e620
00c0:err:toolbar:ToolbarWindowProc unknown msg 0465 wp=00000000 lp=0021e620
00c0:err:toolbar:ToolbarWindowProc unknown msg 0465 wp=00000000 lp=0021e620
00c0:err:toolbar:ToolbarWindowProc unknown msg 0465 wp=00000000 lp=0021e620
00c0:err:toolbar:ToolbarWindowProc unknown msg 0465 wp=00000000 lp=0021e620
00c0:err:toolbar:ToolbarWindowProc unknown msg 0465 wp=00000000 lp=0021e620
00c0:err:toolbar:ToolbarWindowProc unknown msg 0465 wp=00000000 lp=0021e620
00c0:err:toolbar:ToolbarWindowProc unknown msg 0465 wp=00000000 lp=0021e620
00c0:err:toolbar:ToolbarWindowProc unknown msg 0465 wp=00000000 lp=0021e620
00c0:err:toolbar:ToolbarWindowProc unknown msg 0465 wp=00000000 lp=0021e620
00c0:err:toolbar:ToolbarWindowProc unknown msg 0465 wp=00000000 lp=0021e620
00c0:err:toolbar:ToolbarWindowProc unknown msg 0465 wp=00000000 lp=0021e620
00c0:err:toolbar:ToolbarWindowProc unknown msg 0465 wp=00000000 lp=0021e620
00c0:err:toolbar:ToolbarWindowProc unknown msg 0465 wp=00000000 lp=0021e620
00c0:err:toolbar:ToolbarWindowProc unknown msg 0465 wp=00000000 lp=0021e620
00c0:err:toolbar:ToolbarWindowProc unknown msg 0465 wp=00000000 lp=0021e620
00c0:err:toolbar:ToolbarWindowProc unknown msg 0465 wp=00000000 lp=0021e620
00c0:err:toolbar:ToolbarWindowProc unknown msg 0465 wp=00000000 lp=0021e620
00c0:err:toolbar:ToolbarWindowProc unknown msg 0465 wp=00000000 lp=0021e620
00c0:err:toolbar:ToolbarWindowProc unknown msg 0465 wp=00000000 lp=0021e620
00c0:err:toolbar:ToolbarWindowProc unknown msg 0465 wp=00000000 lp=0021e620
00c0:err:toolbar:ToolbarWindowProc unknown msg 0465 wp=00000000 lp=0021e620
00c0:err:toolbar:ToolbarWindowProc unknown msg 0465 wp=00000000 lp=0021e620
00c0:err:toolbar:ToolbarWindowProc unknown msg 0465 wp=00000000 lp=0021e620
00c0:err:toolbar:ToolbarWindowProc unknown msg 0465 wp=00000000 lp=0021e620
00c0:err:toolbar:ToolbarWindowProc unknown msg 0465 wp=00000000 lp=0021e620
00c0:err:toolbar:ToolbarWindowProc unknown msg 0465 wp=00000000 lp=0021e620
00c0:err:toolbar:ToolbarWindowProc unknown msg 0465 wp=00000000 lp=0021e620
00c0:err:toolbar:ToolbarWindowProc unknown msg 0465 wp=00000000 lp=0021e620
00c0:err:toolbar:ToolbarWindowProc unknown msg 0465 wp=00000000 lp=0021e620
00c0:err:toolbar:ToolbarWindowProc unknown msg 0465 wp=00000000 lp=0021e620
00c0:err:toolbar:ToolbarWindowProc unknown msg 0465 wp=00000000 lp=0021e620
00c0:err:toolbar:ToolbarWindowProc unknown msg 0465 wp=00000000 lp=0021e620
00c0:err:toolbar:ToolbarWindowProc unknown msg 0465 wp=00000000 lp=0021e620
00c0:err:toolbar:ToolbarWindowProc unknown msg 0465 wp=00000000 lp=0021e620
00c0:err:toolbar:ToolbarWindowProc unknown msg 0465 wp=00000000 lp=0021e620
00c0:err:toolbar:ToolbarWindowProc unknown msg 0465 wp=00000000 lp=0021e620
00c0:err:toolbar:ToolbarWindowProc unknown msg 0465 wp=00000000 lp=0021e620
016c:fixme:secur32:schan_QueryContextAttributesW Unhandled attribute 0x6e
0170:fixme:secur32:schan_QueryContextAttributesW Unhandled attribute 0x6e
0174:fixme:secur32:schan_QueryContextAttributesW Unhandled attribute 0x6e
00c0:err:toolbar:ToolbarWindowProc unknown msg 0465 wp=00000000 lp=0021e620
00c0:err:toolbar:ToolbarWindowProc unknown msg 0465 wp=00000000 lp=0021e620
00c0:err:toolbar:ToolbarWindowProc unknown msg 0465 wp=00000000 lp=0021e620
00c0:err:toolbar:ToolbarWindowProc unknown msg 0465 wp=00000000 lp=0021e620
00c0:err:toolbar:ToolbarWindowProc unknown msg 0465 wp=00000000 lp=0021e620
00c0:err:toolbar:ToolbarWindowProc unknown msg 0465 wp=00000000 lp=0021e620
00c0:err:toolbar:ToolbarWindowProc unknown msg 0465 wp=00000000 lp=0021e620
00c0:err:toolbar:ToolbarWindowProc unknown msg 0465 wp=00000000 lp=0021e620
00c0:err:toolbar:ToolbarWindowProc unknown msg 0465 wp=00000000 lp=0021e620
00c0:err:toolbar:ToolbarWindowProc unknown msg 0465 wp=00000000 lp=0021e620
00c0:err:toolbar:ToolbarWindowProc unknown msg 0465 wp=00000000 lp=0021e620
0178:fixme:secur32:schan_QueryContextAttributesW Unhandled attribute 0x6e
00c0:err:toolbar:ToolbarWindowProc unknown msg 0465 wp=00000000 lp=0021e620
00c0:err:toolbar:ToolbarWindowProc unknown msg 0465 wp=00000000 lp=0021e620
00c0:err:toolbar:ToolbarWindowProc unknown msg 0465 wp=00000000 lp=0021e620
00c0:err:toolbar:ToolbarWindowProc unknown msg 0465 wp=00000000 lp=0021e620
00c0:err:toolbar:ToolbarWindowProc unknown msg 0465 wp=00000000 lp=0021e620
00c0:err:toolbar:ToolbarWindowProc unknown msg 0465 wp=00000000 lp=0021e620
00c0:err:toolbar:ToolbarWindowProc unknown msg 0465 wp=00000000 lp=0021e620
00c0:err:toolbar:ToolbarWindowProc unknown msg 0465 wp=00000000 lp=0021e620
00c0:err:toolbar:ToolbarWindowProc unknown msg 0465 wp=00000000 lp=0021e620
00c0:err:toolbar:ToolbarWindowProc unknown msg 0465 wp=00000000 lp=0021e620
00c0:err:toolbar:ToolbarWindowProc unknown msg 0465 wp=00000000 lp=0021e620
00c0:err:toolbar:ToolbarWindowProc unknown msg 0465 wp=00000000 lp=0021e620
00c0:err:toolbar:ToolbarWindowProc unknown msg 0465 wp=00000000 lp=0021e620
00c0:err:toolbar:ToolbarWindowProc unknown msg 0465 wp=00000000 lp=0021e620
00c0:err:toolbar:ToolbarWindowProc unknown msg 0465 wp=00000000 lp=0021e620
00c0:err:toolbar:ToolbarWindowProc unknown msg 0465 wp=00000000 lp=0021e620
00c0:err:toolbar:ToolbarWindowProc unknown msg 0465 wp=00000000 lp=0021e620
00c0:err:toolbar:ToolbarWindowProc unknown msg 0465 wp=00000000 lp=0021e620
00c0:err:toolbar:ToolbarWindowProc unknown msg 0465 wp=00000000 lp=0021e620
00c0:err:toolbar:ToolbarWindowProc unknown msg 0465 wp=00000000 lp=0021e620
00c0:err:toolbar:ToolbarWindowProc unknown msg 0465 wp=00000000 lp=0021e620
00c0:err:toolbar:ToolbarWindowProc unknown msg 0465 wp=00000000 lp=0021e620
00c0:err:toolbar:ToolbarWindowProc unknown msg 0465 wp=00000000 lp=0021e620
00c0:err:toolbar:ToolbarWindowProc unknown msg 0465 wp=00000000 lp=0021e620
00c0:err:toolbar:ToolbarWindowProc unknown msg 0465 wp=00000000 lp=0021e620
00c0:err:toolbar:ToolbarWindowProc unknown msg 0465 wp=00000000 lp=0021e620
00c0:err:toolbar:ToolbarWindowProc unknown msg 0465 wp=00000000 lp=0021e620
00c0:err:toolbar:ToolbarWindowProc unknown msg 0465 wp=00000000 lp=0021e620
00c0:err:toolbar:ToolbarWindowProc unknown msg 0465 wp=00000000 lp=0021e620
00c0:err:toolbar:ToolbarWindowProc unknown msg 0465 wp=00000000 lp=0021e620
00c0:err:toolbar:ToolbarWindowProc unknown msg 0465 wp=00000000 lp=0021e620
00c0:err:toolbar:ToolbarWindowProc unknown msg 0465 wp=00000000 lp=0021e620
00c0:err:toolbar:ToolbarWindowProc unknown msg 0465 wp=00000000 lp=0021e620
00c0:err:toolbar:ToolbarWindowProc unknown msg 0465 wp=00000000 lp=0021e620
00c0:err:toolbar:ToolbarWindowProc unknown msg 0465 wp=00000000 lp=0021e620
00c0:err:toolbar:ToolbarWindowProc unknown msg 0465 wp=00000000 lp=0021e620
00c0:err:toolbar:ToolbarWindowProc unknown msg 0465 wp=00000000 lp=0021e620
00c0:err:toolbar:ToolbarWindowProc unknown msg 0465 wp=00000000 lp=0021e620
00c0:err:toolbar:ToolbarWindowProc unknown msg 0465 wp=00000000 lp=0021e620
00c0:err:toolbar:ToolbarWindowProc unknown msg 0465 wp=00000000 lp=0021e620
00c0:err:toolbar:ToolbarWindowProc unknown msg 0465 wp=00000000 lp=0021e620
00c0:err:toolbar:ToolbarWindowProc unknown msg 0465 wp=00000000 lp=0021e620
00c0:err:toolbar:ToolbarWindowProc unknown msg 0465 wp=00000000 lp=0021e620
017c:fixme:secur32:schan_QueryContextAttributesW Unhandled attribute 0x6e
00c0:err:toolbar:ToolbarWindowProc unknown msg 0465 wp=00000000 lp=0021e620
00c0:err:toolbar:ToolbarWindowProc unknown msg 0465 wp=00000000 lp=0021e620
00c0:err:toolbar:ToolbarWindowProc unknown msg 0465 wp=00000000 lp=0021e620
00c0:err:toolbar:ToolbarWindowProc unknown msg 0465 wp=00000000 lp=0021e620
00c0:err:toolbar:ToolbarWindowProc unknown msg 0465 wp=00000000 lp=0021e620
00c0:err:toolbar:ToolbarWindowProc unknown msg 0465 wp=00000000 lp=0021e620
00c0:err:toolbar:ToolbarWindowProc unknown msg 0465 wp=00000000 lp=0021e620
00c0:err:toolbar:ToolbarWindowProc unknown msg 0465 wp=00000000 lp=0021e620
00c0:err:toolbar:ToolbarWindowProc unknown msg 0465 wp=00000000 lp=0021e620
00c0:err:toolbar:ToolbarWindowProc unknown msg 0465 wp=00000000 lp=0021e620
00c0:err:toolbar:ToolbarWindowProc unknown msg 0465 wp=00000000 lp=0021e620
00c0:err:toolbar:ToolbarWindowProc unknown msg 0465 wp=00000000 lp=0021e620
00c0:err:toolbar:ToolbarWindowProc unknown msg 0465 wp=00000000 lp=0021e620
00c0:err:toolbar:ToolbarWindowProc unknown msg 0465 wp=00000000 lp=0021e620
00c0:err:toolbar:ToolbarWindowProc unknown msg 0465 wp=00000000 lp=0021e620
00c0:err:toolbar:ToolbarWindowProc unknown msg 0465 wp=00000000 lp=0021e620
00c0:err:toolbar:ToolbarWindowProc unknown msg 0465 wp=00000000 lp=0021e620
00c0:err:toolbar:ToolbarWindowProc unknown msg 0465 wp=00000000 lp=0021e620
00c0:err:toolbar:ToolbarWindowProc unknown msg 0465 wp=00000000 lp=0021e620
00c0:err:toolbar:ToolbarWindowProc unknown msg 0465 wp=00000000 lp=0021e620
00c0:err:toolbar:ToolbarWindowProc unknown msg 0465 wp=00000000 lp=0021e620
00c0:err:toolbar:ToolbarWindowProc unknown msg 0465 wp=00000000 lp=0021e620
00c0:err:toolbar:ToolbarWindowProc unknown msg 0465 wp=00000000 lp=0021e620
00c0:err:toolbar:ToolbarWindowProc unknown msg 0465 wp=00000000 lp=0021e620
00c0:err:toolbar:ToolbarWindowProc unknown msg 0465 wp=00000000 lp=0021e620
00c0:err:toolbar:ToolbarWindowProc unknown msg 0465 wp=00000000 lp=0021e620
00c0:err:toolbar:ToolbarWindowProc unknown msg 0465 wp=00000000 lp=0021e620
00c0:err:toolbar:ToolbarWindowProc unknown msg 0465 wp=00000000 lp=0021e620
00c0:err:toolbar:ToolbarWindowProc unknown msg 0465 wp=00000000 lp=0021e620
00c0:err:toolbar:ToolbarWindowProc unknown msg 0465 wp=00000000 lp=0021e620
00c0:err:toolbar:ToolbarWindowProc unknown msg 0465 wp=00000000 lp=0021e620
00c0:err:toolbar:ToolbarWindowProc unknown msg 0465 wp=00000000 lp=0021e620
00c0:err:toolbar:ToolbarWindowProc unknown msg 0465 wp=00000000 lp=0021e620
00c0:err:toolbar:ToolbarWindowProc unknown msg 0465 wp=00000000 lp=0021e620
00c0:err:toolbar:ToolbarWindowProc unknown msg 0465 wp=00000000 lp=0021e620
00c0:err:toolbar:ToolbarWindowProc unknown msg 0465 wp=00000000 lp=0021e620
00c0:err:toolbar:ToolbarWindowProc unknown msg 0465 wp=00000000 lp=0021e620
00c0:err:toolbar:ToolbarWindowProc unknown msg 0465 wp=00000000 lp=0021e620
00c0:err:toolbar:ToolbarWindowProc unknown msg 0465 wp=00000000 lp=0021e620
00c0:err:toolbar:ToolbarWindowProc unknown msg 0465 wp=00000000 lp=0021e620
00c0:err:toolbar:ToolbarWindowProc unknown msg 0465 wp=00000000 lp=0021e620
00c0:err:toolbar:ToolbarWindowProc unknown msg 0465 wp=00000000 lp=0021e620
00c0:err:toolbar:ToolbarWindowProc unknown msg 0465 wp=00000000 lp=0021e620
00c0:err:toolbar:ToolbarWindowProc unknown msg 0465 wp=00000000 lp=0021e620
00c0:err:toolbar:ToolbarWindowProc unknown msg 0465 wp=00000000 lp=0021e620
00c0:err:toolbar:ToolbarWindowProc unknown msg 0465 wp=00000000 lp=0021e620
00c0:err:toolbar:ToolbarWindowProc unknown msg 0465 wp=00000000 lp=0021e620
00c0:err:toolbar:ToolbarWindowProc unknown msg 0465 wp=00000000 lp=0021e620
00c0:err:toolbar:ToolbarWindowProc unknown msg 0465 wp=00000000 lp=0021e620
00c0:err:toolbar:ToolbarWindowProc unknown msg 0465 wp=00000000 lp=0021e620
00c0:err:toolbar:ToolbarWindowProc unknown msg 0465 wp=00000000 lp=0021e620
00c0:err:toolbar:ToolbarWindowProc unknown msg 0465 wp=00000000 lp=0021e620
00c0:err:toolbar:ToolbarWindowProc unknown msg 0465 wp=00000000 lp=0021e620
00c0:err:toolbar:ToolbarWindowProc unknown msg 0465 wp=00000000 lp=0021e620
00c0:err:toolbar:ToolbarWindowProc unknown msg 0465 wp=00000000 lp=0021e620
00c0:err:toolbar:ToolbarWindowProc unknown msg 0465 wp=00000000 lp=0021e620
00c0:err:toolbar:ToolbarWindowProc unknown msg 0465 wp=00000000 lp=0021e620
00c0:err:toolbar:ToolbarWindowProc unknown msg 0465 wp=00000000 lp=0021e620
00c0:err:toolbar:ToolbarWindowProc unknown msg 0465 wp=00000000 lp=0021e620
00c0:err:toolbar:ToolbarWindowProc unknown msg 0465 wp=00000000 lp=0021e620
00c0:err:toolbar:ToolbarWindowProc unknown msg 0465 wp=00000000 lp=0021e620
00c0:err:toolbar:ToolbarWindowProc unknown msg 0465 wp=00000000 lp=0021e620
00c0:err:toolbar:ToolbarWindowProc unknown msg 0465 wp=00000000 lp=0021e620
00c0:err:toolbar:ToolbarWindowProc unknown msg 0465 wp=00000000 lp=0021e620
00c0:err:toolbar:ToolbarWindowProc unknown msg 0465 wp=00000000 lp=0021e620
00c0:err:toolbar:ToolbarWindowProc unknown msg 0465 wp=00000000 lp=0021e620
00c0:err:toolbar:ToolbarWindowProc unknown msg 0465 wp=00000000 lp=0021e620
00c0:err:toolbar:ToolbarWindowProc unknown msg 0465 wp=00000000 lp=0021e620
00c0:err:toolbar:ToolbarWindowProc unknown msg 0465 wp=00000000 lp=0021e620
00c0:err:toolbar:ToolbarWindowProc unknown msg 0465 wp=00000000 lp=0021e620
00c0:err:toolbar:ToolbarWindowProc unknown msg 0465 wp=00000000 lp=0021e620
00c0:err:toolbar:ToolbarWindowProc unknown msg 0465 wp=00000000 lp=0021e620
00c0:err:toolbar:ToolbarWindowProc unknown msg 0465 wp=00000000 lp=0021e620
00c0:err:toolbar:ToolbarWindowProc unknown msg 0465 wp=00000000 lp=0021e620
00c0:err:toolbar:ToolbarWindowProc unknown msg 0465 wp=00000000 lp=0021e620
00c0:err:toolbar:ToolbarWindowProc unknown msg 0465 wp=00000000 lp=0021e620
00c0:err:toolbar:ToolbarWindowProc unknown msg 0465 wp=00000000 lp=0021e620
00c0:err:toolbar:ToolbarWindowProc unknown msg 0465 wp=00000000 lp=0021e620
00c0:err:toolbar:ToolbarWindowProc unknown msg 0465 wp=00000000 lp=0021e620
00c0:err:toolbar:ToolbarWindowProc unknown msg 0465 wp=00000000 lp=0021e620
00c0:err:toolbar:ToolbarWindowProc unknown msg 0465 wp=00000000 lp=0021e620
00c0:err:tooltips:TOOLTIPS_Timer How did this happen?
00c0:err:toolbar:ToolbarWindowProc unknown msg 0465 wp=00000000 lp=0021e620
00c0:err:toolbar:ToolbarWindowProc unknown msg 0465 wp=00000000 lp=0021e620
00c0:err:toolbar:ToolbarWindowProc unknown msg 0465 wp=00000000 lp=0021e620
00c0:err:toolbar:ToolbarWindowProc unknown msg 0465 wp=00000000 lp=0021e620
00c0:err:toolbar:ToolbarWindowProc unknown msg 0465 wp=00000000 lp=0021e620
00c0:err:toolbar:ToolbarWindowProc unknown msg 0465 wp=00000000 lp=0021e620
00c0:err:toolbar:ToolbarWindowProc unknown msg 0465 wp=00000000 lp=0021e620
00c0:err:toolbar:ToolbarWindowProc unknown msg 0465 wp=00000000 lp=0021e620
00c0:err:toolbar:ToolbarWindowProc unknown msg 0465 wp=00000000 lp=0021e620
00c0:err:toolbar:ToolbarWindowProc unknown msg 0465 wp=00000000 lp=0021e620
00c0:err:toolbar:ToolbarWindowProc unknown msg 0465 wp=00000000 lp=0021e620
00c0:err:toolbar:ToolbarWindowProc unknown msg 0465 wp=00000000 lp=0021e620
00c0:err:toolbar:ToolbarWindowProc unknown msg 0465 wp=00000000 lp=0021e620
00c0:err:toolbar:ToolbarWindowProc unknown msg 0465 wp=00000000 lp=0021e620
00c0:err:toolbar:ToolbarWindowProc unknown msg 0465 wp=00000000 lp=0021e620
00c0:err:toolbar:ToolbarWindowProc unknown msg 0465 wp=00000000 lp=0021e620
00c0:err:toolbar:ToolbarWindowProc unknown msg 0465 wp=00000000 lp=0021e620
00c0:err:toolbar:ToolbarWindowProc unknown msg 0465 wp=00000000 lp=0021e620
00c0:err:toolbar:ToolbarWindowProc unknown msg 0465 wp=00000000 lp=0021e620
00c0:err:toolbar:ToolbarWindowProc unknown msg 0465 wp=00000000 lp=0021e620
00c0:err:toolbar:ToolbarWindowProc unknown msg 0465 wp=00000000 lp=0021e620
00c0:err:toolbar:ToolbarWindowProc unknown msg 0465 wp=00000000 lp=0021e620
00c0:err:toolbar:ToolbarWindowProc unknown msg 0465 wp=00000000 lp=0021e620
00c0:err:toolbar:ToolbarWindowProc unknown msg 0465 wp=00000000 lp=0021e620
00c0:err:toolbar:ToolbarWindowProc unknown msg 0465 wp=00000000 lp=0021e620
00c0:err:toolbar:ToolbarWindowProc unknown msg 0465 wp=00000000 lp=0021e620
00c0:err:toolbar:ToolbarWindowProc unknown msg 0465 wp=00000000 lp=0021e620
00c0:err:toolbar:ToolbarWindowProc unknown msg 0465 wp=00000000 lp=0021e620
00c0:err:toolbar:ToolbarWindowProc unknown msg 0465 wp=00000000 lp=0021e620
00c0:err:toolbar:ToolbarWindowProc unknown msg 0465 wp=00000000 lp=0021e620
00c0:err:toolbar:ToolbarWindowProc unknown msg 0465 wp=00000000 lp=0021e620
00c0:err:toolbar:ToolbarWindowProc unknown msg 0465 wp=00000000 lp=0021e620
00c0:err:toolbar:ToolbarWindowProc unknown msg 0465 wp=00000000 lp=0021e620
00c0:err:toolbar:ToolbarWindowProc unknown msg 0465 wp=00000000 lp=0021e620
00c0:err:toolbar:ToolbarWindowProc unknown msg 0465 wp=00000000 lp=0021e620
00c0:err:toolbar:ToolbarWindowProc unknown msg 0465 wp=00000000 lp=0021e620
00c0:err:toolbar:ToolbarWindowProc unknown msg 0465 wp=00000000 lp=0021e620
00c0:err:toolbar:ToolbarWindowProc unknown msg 0465 wp=00000000 lp=0021e620
00c0:err:toolbar:ToolbarWindowProc unknown msg 0465 wp=00000000 lp=0021e620
00c0:err:toolbar:ToolbarWindowProc unknown msg 0465 wp=00000000 lp=0021e620
00c0:err:toolbar:ToolbarWindowProc unknown msg 0465 wp=00000000 lp=0021e620
00c0:err:toolbar:ToolbarWindowProc unknown msg 0465 wp=00000000 lp=0021e620
00c0:err:toolbar:ToolbarWindowProc unknown msg 0465 wp=00000000 lp=0021e620
00c0:err:toolbar:ToolbarWindowProc unknown msg 0465 wp=00000000 lp=0021e620
00c0:err:toolbar:ToolbarWindowProc unknown msg 0465 wp=00000000 lp=0021e620
00c0:err:toolbar:ToolbarWindowProc unknown msg 0465 wp=00000000 lp=0021e620
00c0:err:toolbar:ToolbarWindowProc unknown msg 0465 wp=00000000 lp=0021e620
00c0:err:toolbar:ToolbarWindowProc unknown msg 0465 wp=00000000 lp=0021e620
00c0:err:toolbar:ToolbarWindowProc unknown msg 0465 wp=00000000 lp=0021e620
00c0:err:toolbar:ToolbarWindowProc unknown msg 0465 wp=00000000 lp=0021e620
00c0:err:toolbar:ToolbarWindowProc unknown msg 0465 wp=00000000 lp=0021e620
00c0:err:toolbar:ToolbarWindowProc unknown msg 0465 wp=00000000 lp=0021e620
00c0:err:toolbar:ToolbarWindowProc unknown msg 0465 wp=00000000 lp=0021e620
00c0:err:toolbar:ToolbarWindowProc unknown msg 0465 wp=00000000 lp=0021e620
00c0:err:toolbar:ToolbarWindowProc unknown msg 0465 wp=00000000 lp=0021e620
00c0:err:toolbar:ToolbarWindowProc unknown msg 0465 wp=00000000 lp=0021e620
00c0:err:toolbar:ToolbarWindowProc unknown msg 0465 wp=00000000 lp=0021e620
00c0:err:toolbar:ToolbarWindowProc unknown msg 0465 wp=00000000 lp=0021e620
00c0:err:toolbar:ToolbarWindowProc unknown msg 0465 wp=00000000 lp=0021e620
00c0:err:toolbar:ToolbarWindowProc unknown msg 0465 wp=00000000 lp=0021e620
00c0:err:toolbar:ToolbarWindowProc unknown msg 0465 wp=00000000 lp=0021e620
00c0:err:toolbar:ToolbarWindowProc unknown msg 0465 wp=00000000 lp=0021e620
00c0:err:toolbar:ToolbarWindowProc unknown msg 0465 wp=00000000 lp=0021e620
00c0:err:toolbar:ToolbarWindowProc unknown msg 0465 wp=00000000 lp=0021e620
00c0:err:toolbar:ToolbarWindowProc unknown msg 0465 wp=00000000 lp=0021e620
00c0:err:toolbar:ToolbarWindowProc unknown msg 0465 wp=00000000 lp=0021e620
00c0:err:toolbar:ToolbarWindowProc unknown msg 0465 wp=00000000 lp=0021e620
00c0:err:toolbar:ToolbarWindowProc unknown msg 0465 wp=00000000 lp=0021e620
00c0:err:toolbar:ToolbarWindowProc unknown msg 0465 wp=00000000 lp=0021e620
00c0:err:toolbar:ToolbarWindowProc unknown msg 0465 wp=00000000 lp=0021e620
00c0:err:toolbar:ToolbarWindowProc unknown msg 0465 wp=00000000 lp=0021e620
00c0:err:toolbar:ToolbarWindowProc unknown msg 0465 wp=00000000 lp=0021e620
00c0:err:toolbar:ToolbarWindowProc unknown msg 0465 wp=00000000 lp=0021e620
00c0:err:toolbar:ToolbarWindowProc unknown msg 0465 wp=00000000 lp=0021e620
00c0:err:toolbar:ToolbarWindowProc unknown msg 0465 wp=00000000 lp=0021e620
00c0:err:toolbar:ToolbarWindowProc unknown msg 0465 wp=00000000 lp=0021e620
00c0:err:toolbar:ToolbarWindowProc unknown msg 0465 wp=00000000 lp=0021e620
00c0:err:toolbar:ToolbarWindowProc unknown msg 0465 wp=00000000 lp=0021e620
00c0:err:toolbar:ToolbarWindowProc unknown msg 0465 wp=00000000 lp=0021e620
00c0:err:toolbar:ToolbarWindowProc unknown msg 0465 wp=00000000 lp=0021e620
00c0:err:toolbar:ToolbarWindowProc unknown msg 0465 wp=00000000 lp=0021e620
00c0:err:toolbar:ToolbarWindowProc unknown msg 0465 wp=00000000 lp=0021e620
00c0:err:toolbar:ToolbarWindowProc unknown msg 0465 wp=00000000 lp=0021e620
00c0:err:toolbar:ToolbarWindowProc unknown msg 0465 wp=00000000 lp=0021e620
00c0:err:toolbar:ToolbarWindowProc unknown msg 0465 wp=00000000 lp=0021e620
00c0:err:toolbar:ToolbarWindowProc unknown msg 0465 wp=00000000 lp=0021e620
00c0:err:toolbar:ToolbarWindowProc unknown msg 0465 wp=00000000 lp=0021e620
00c0:err:toolbar:ToolbarWindowProc unknown msg 0465 wp=00000000 lp=0021e620
00c0:err:toolbar:ToolbarWindowProc unknown msg 0465 wp=00000000 lp=0021e620
00c0:err:toolbar:ToolbarWindowProc unknown msg 0465 wp=00000000 lp=0021e620
00c0:err:toolbar:ToolbarWindowProc unknown msg 0465 wp=00000000 lp=0021e620
00c0:err:toolbar:ToolbarWindowProc unknown msg 0465 wp=00000000 lp=0021e620
0058:fixme:mountmgr:harddisk_ioctl returning zero-filled buffer for IOCTL_VOLUME_GET_VOLUME_DISK_EXTENTS
0058:fixme:mountmgr:harddisk_ioctl Unsupported ioctl 74080 (device=7 access=1 func=20 method=0)
0058:fixme:mountmgr:query_property Faking StorageDeviceProperty data
0058:fixme:mountmgr:harddisk_ioctl Unsupported ioctl 2d0c10 (device=2d access=0 func=304 method=0)
0058:fixme:mountmgr:harddisk_ioctl returning zero-filled buffer for IOCTL_VOLUME_GET_VOLUME_DISK_EXTENTS
0058:fixme:mountmgr:harddisk_ioctl Unsupported ioctl 74080 (device=7 access=1 func=20 method=0)
0058:fixme:mountmgr:query_property Faking StorageDeviceProperty data
0058:fixme:mountmgr:harddisk_ioctl Unsupported ioctl 2d0c10 (device=2d access=0 func=304 method=0)
0058:fixme:mountmgr:harddisk_ioctl returning zero-filled buffer for IOCTL_VOLUME_GET_VOLUME_DISK_EXTENTS
0058:fixme:mountmgr:harddisk_ioctl Unsupported ioctl 74080 (device=7 access=1 func=20 method=0)
0058:fixme:mountmgr:query_property Faking StorageDeviceProperty data
0058:fixme:mountmgr:harddisk_ioctl Unsupported ioctl 2d0c10 (device=2d access=0 func=304 method=0)
0058:fixme:mountmgr:harddisk_ioctl returning zero-filled buffer for IOCTL_VOLUME_GET_VOLUME_DISK_EXTENTS
0058:fixme:mountmgr:query_property Faking StorageDeviceProperty data
0058:fixme:mountmgr:harddisk_ioctl Unsupported ioctl 74080 (device=7 access=1 func=20 method=0)
0058:fixme:mountmgr:harddisk_ioctl Unsupported ioctl 2d0c10 (device=2d access=0 func=304 method=0)
00c0:fixme:kernelbase:AppPolicyGetProcessTerminationMethod FFFFFFFFFFFFFFFA, 000000000021FD40
0090:err:rpc:I_RpcReceive we got fault packet with status 0x1c010003
